<?xml version="1.0" encoding="UTF-8"?>
<!-- Generated by org.testng.reporters.JUnitXMLReporter -->
<testsuite ignored="1" hostname="DESKTOP-TTU6VHM" failures="0" tests="5" name="Test" time="2.354" errors="0" timestamp="2024-01-17T17:53:28 IST">
  <testcase classname="testclasses.RegisterTest" name="clickResgisterPage" time="1.515"/>
  <testcase classname="testclasses.RegisterTest" name="enterDetailPage" time="0.337"/>
  <testcase classname="testclasses.LoginTest" name="validatePage" time="0.016"/>
  <testcase classname="testclasses.LoginTest" name="enterDetails" time="0.277"/>
  <testcase classname="testclasses.LoginTest" name="clickloginbutton" time="0.086"/>
  <testcase classname="testclasses.BaseTest" name="@BeforeSuite inItBrowser" time="0.0">
    <ignored/>
  </testcase> <!-- @BeforeSuite inItBrowser -->
</testsuite> <!-- Test -->
